[+] Containers:
 |- [+] Container: /Game/FirstPerson/Maps/FirstPersonMap
 |   |- [+] ActorDescs:
 |   |   |- Guid:0CC9FDC64979D5A56911C4A735DCDBF8 BaseClass: NativeClass:/Script/Engine.StaticMeshActor Name:StaticMeshActor_UAID_047C16428F8A9FE701_1967188082 Label:chifonier_2_Cube_031 SpatiallyLoaded:1 Bounds:IsValid=true, Min=(X=706.570 Y=48.232 Z=57.198), Max=(X=877.708 Y=135.349 Z=82.387) RuntimeGrid:None EditorOnly:0 RuntimeOnly:0 HLODRelevant:1
 |   |   |- Guid:1C92173E4DF1554A3EBC78BAB11EE1CD BaseClass: NativeClass:/Script/Engine.StaticMeshActor Name:StaticMeshActor_UAID_047C16428F8A3BE701_1957479479 Label:SM_Cube2 SpatiallyLoaded:1 Bounds:IsValid=true, Min=(X=0.000 Y=1220.000 Z=-50.000), Max=(X=1150.000 Y=2445.000 Z=-25.000) RuntimeGrid:None EditorOnly:0 RuntimeOnly:0 HLODRelevant:1 FolderPath:Playground FolderGuid:6C02BB504B69D1F3D7A624B130C18E5B
 |   |   |- Guid:1D41825A492B2D07D9B21DB0E8B6ABA3 BaseClass: NativeClass:/Script/Engine.StaticMeshActor Name:StaticMeshActor_UAID_047C16428F8A3BE701_1987912481 Label:SM_Cube4 SpatiallyLoaded:1 Bounds:IsValid=true, Min=(X=1150.000 Y=1220.000 Z=-50.000), Max=(X=2300.000 Y=2445.000 Z=-25.000) RuntimeGrid:None EditorOnly:0 RuntimeOnly:0 HLODRelevant:1 FolderPath:Playground FolderGuid:6C02BB504B69D1F3D7A624B130C18E5B
 |   |   |- Guid:26533ADC4D249A6E12B2F69B7D59B9F2 BaseClass:/Game/memo.memo_C NativeClass:/Script/Engine.Actor Name:memo_C_UAID_047C16428F8A8CE701_1303138746 Label:memo SpatiallyLoaded:1 Bounds:IsValid=true, Min=(X=3190.000 Y=290.000 Z=-21.000), Max=(X=3290.000 Y=490.000 Z=-19.000) RuntimeGrid:None EditorOnly:0 RuntimeOnly:0 HLODRelevant:0
 |   |   |- Guid:4EDC773A4AD94E819387DDB1AA29BC67 BaseClass: NativeClass:/Script/Engine.StaticMeshActor Name:StaticMeshActor_UAID_047C16428F8A3BE701_2003930482 Label:SM_Cube5 SpatiallyLoaded:1 Bounds:IsValid=true, Min=(X=2300.000 Y=0.000 Z=-50.000), Max=(X=3450.000 Y=1225.000 Z=-25.000) RuntimeGrid:None EditorOnly:0 RuntimeOnly:0 HLODRelevant:1 FolderPath:Playground FolderGuid:6C02BB504B69D1F3D7A624B130C18E5B
 |   |   |- Guid:511426AE487F5154A678879724A93FB9 BaseClass: NativeClass:/Script/Engine.StaticMeshActor Name:StaticMeshActor_UAID_047C16428F8A9FE701_2053863084 Label:chifonier_2_Cube_33 SpatiallyLoaded:1 Bounds:IsValid=true, Min=(X=706.570 Y=48.232 Z=5.585), Max=(X=877.708 Y=135.349 Z=30.774) RuntimeGrid:None EditorOnly:0 RuntimeOnly:0 HLODRelevant:1
 |   |   |- Guid:5FE7584649BB6F09265329A6C57CFD0D BaseClass: NativeClass:/Script/Engine.VolumetricCloud Name:VolumetricCloud_0 Label:VolumetricCloud SpatiallyLoaded:0 Bounds:IsValid=true, Min=(X=0.000 Y=0.000 Z=820.000), Max=(X=0.000 Y=0.000 Z=820.000) RuntimeGrid:None EditorOnly:0 RuntimeOnly:0 HLODRelevant:0 FolderPath:Lighting FolderGuid:0BA5F0A04EADB18E70D5B180D08FA34B
 |   |   |- Guid:61391D344900612A77DFC3BA3E354907 BaseClass: NativeClass:/Script/Engine.ExponentialHeightFog Name:ExponentialHeightFog_0 Label:ExponentialHeightFog SpatiallyLoaded:0 Bounds:IsValid=true, Min=(X=-5600.000 Y=-50.000 Z=-6850.000), Max=(X=-5600.000 Y=-50.000 Z=-6850.000) RuntimeGrid:None EditorOnly:0 RuntimeOnly:0 HLODRelevant:0 FolderPath:Lighting FolderGuid:0BA5F0A04EADB18E70D5B180D08FA34B
 |   |   |- Guid:6397DAC144EE28F65CE8659AA34E88C3 BaseClass:/Game/memo.memo_C NativeClass:/Script/Engine.Actor Name:memo_C_UAID_047C16428F8A9AE701_1755287199 Label:memo4 SpatiallyLoaded:1 Bounds:IsValid=true, Min=(X=1560.000 Y=480.000 Z=-21.000), Max=(X=1760.000 Y=580.000 Z=-19.000) RuntimeGrid:None EditorOnly:0 RuntimeOnly:0 HLODRelevant:0
 |   |   |- Guid:65E3AFD447910B78AA4951B879AB47A6 BaseClass:/Game/Door.Door_C NativeClass:/Script/Engine.Actor Name:Door_C_UAID_047C16428F8AB0E701_1083475082 Label:Door SpatiallyLoaded:1 Bounds:IsValid=true, Min=(X=1568.000 Y=550.000 Z=86.000), Max=(X=1632.000 Y=650.000 Z=214.000) RuntimeGrid:None EditorOnly:0 RuntimeOnly:0 HLODRelevant:0
 |   |   |- Guid:6B82008E425F9D631B95DB978901990B BaseClass: NativeClass:/Script/Engine.StaticMeshActor Name:StaticMeshActor_UAID_047C16428F8A9FE701_2072241085 Label:chifonier_2_Cube_34 SpatiallyLoaded:1 Bounds:IsValid=true, Min=(X=706.570 Y=48.232 Z=-20.222), Max=(X=877.708 Y=135.349 Z=4.967) RuntimeGrid:None EditorOnly:0 RuntimeOnly:0 HLODRelevant:1
 |   |   |- Guid:6FEFB3BD4EB37B849EF0D4AC80F83855 BaseClass: NativeClass:/Script/Engine.WorldDataLayers Name:WorldDataLayers Label:WorldDataLayers SpatiallyLoaded:0 Bounds:IsValid=true, Min=(X=0.000 Y=0.000 Z=0.000), Max=(X=0.000 Y=0.000 Z=0.000) RuntimeGrid:None EditorOnly:0 RuntimeOnly:0 HLODRelevant:0
 |   |   |- Guid:70B4402B4467612291A3FB893716AF3C BaseClass: NativeClass:/Script/Engine.StaticMeshActor Name:StaticMeshActor_UAID_047C16428F8AA7E701_1234081495 Label:uploads_files_2750832_lowtable_Cube SpatiallyLoaded:1 Bounds:IsValid=true, Min=(X=134.363 Y=148.196 Z=-30.126), Max=(X=345.637 Y=451.804 Z=48.012) RuntimeGrid:None EditorOnly:0 RuntimeOnly:0 HLODRelevant:1
 |   |   |- Guid:73EA2C384A2D13F3FB9D2CAE62C0682B BaseClass:/Game/memo.memo_C NativeClass:/Script/Engine.Actor Name:memo_C_UAID_047C16428F8A9BE701_1387562375 Label:memo5 SpatiallyLoaded:1 Bounds:IsValid=true, Min=(X=1570.000 Y=680.000 Z=-21.000), Max=(X=1770.000 Y=780.000 Z=-19.000) RuntimeGrid:None EditorOnly:0 RuntimeOnly:0 HLODRelevant:0
 |   |   |- Guid:78CAF7514C7533F30BD2F19A017AAB65 BaseClass: NativeClass:/Script/Engine.StaticMeshActor Name:StaticMeshActor_0 Label:SM_Cube SpatiallyLoaded:1 Bounds:IsValid=true, Min=(X=0.000 Y=0.000 Z=-50.000), Max=(X=1150.000 Y=1225.000 Z=-25.000) RuntimeGrid:None EditorOnly:0 RuntimeOnly:0 HLODRelevant:1 FolderPath:Playground FolderGuid:6C02BB504B69D1F3D7A624B130C18E5B
 |   |   |- Guid:A354B1B24E617A525DC6B48CCDE2417E BaseClass: NativeClass:/Script/Engine.PlayerStart Name:PlayerStart_0 Label:PlayerStart SpatiallyLoaded:0 Bounds:IsValid=true, Min=(X=840.000 Y=810.000 Z=0.013), Max=(X=920.000 Y=890.000 Z=184.013) RuntimeGrid:None EditorOnly:0 RuntimeOnly:0 HLODRelevant:0
 |   |   |- Guid:A46B467349B1973276B3199DA6E16E69 BaseClass:/Game/memo.memo_C NativeClass:/Script/Engine.Actor Name:memo_C_UAID_047C16428F8A9AE701_1547561199 Label:memo3 SpatiallyLoaded:1 Bounds:IsValid=true, Min=(X=2460.000 Y=330.000 Z=-21.000), Max=(X=2560.000 Y=530.000 Z=-19.000) RuntimeGrid:None EditorOnly:0 RuntimeOnly:0 HLODRelevant:0
 |   |   |- Guid:A94BF6F04A25407A258F78ABA86BDE90 BaseClass: NativeClass:/Script/Engine.StaticMeshActor Name:StaticMeshActor_UAID_047C16428F8A9EE701_1437078903 Label:Glass_Bottle_FBX SpatiallyLoaded:1 Bounds:IsValid=true, Min=(X=2045.909 Y=163.922 Z=-29.643), Max=(X=2077.592 Y=196.764 Z=61.729) RuntimeGrid:None EditorOnly:0 RuntimeOnly:0 HLODRelevant:1
 |   |   |- Guid:AC763B084E94B7C7B0B296B496D9C671 BaseClass:/Game/Table.Table_C NativeClass:/Script/Engine.Actor Name:Table_C_UAID_047C16428F8A9DE701_1439520729 Label:Table SpatiallyLoaded:1 Bounds:IsValid=true, Min=(X=1380.131 Y=1013.964 Z=-30.000), Max=(X=1839.869 Y=1142.605 Z=73.490) RuntimeGrid:None EditorOnly:0 RuntimeOnly:0 HLODRelevant:0
 |   |   |- Guid:B07AF68F4C9CFCE58548FF8E7824A8F9 BaseClass:/Game/memo.memo_C NativeClass:/Script/Engine.Actor Name:memo_C_UAID_047C16428F8A9DE701_1697850730 Label:memo6 SpatiallyLoaded:1 Bounds:IsValid=true, Min=(X=1500.000 Y=1030.000 Z=79.000), Max=(X=1700.000 Y=1130.000 Z=81.000) RuntimeGrid:None EditorOnly:0 RuntimeOnly:0 HLODRelevant:0
 |   |   |- Guid:C0C56B9644AE3D40CAFF6A878DB29844 BaseClass: NativeClass:/Script/Engine.StaticMeshActor Name:StaticMeshActor_UAID_A4AE111137DC5EFB00_2001720423 Label:SM_SkySphere SpatiallyLoaded:0 Bounds:IsValid=true, Min=(X=-1637240.020 Y=-1639030.020 Z=-1638400.000), Max=(X=1639560.020 Y=1637770.020 Z=1638400.000) RuntimeGrid:None EditorOnly:0 RuntimeOnly:0 HLODRelevant:1 FolderPath:Lighting FolderGuid:0BA5F0A04EADB18E70D5B180D08FA34B
 |   |   |- Guid:C22CE07C4B87D685137FDBBC10FC92C6 BaseClass: NativeClass:/Script/Engine.SkyAtmosphere Name:SkyAtmosphere_0 Label:SkyAtmosphere SpatiallyLoaded:0 Bounds:IsValid=true, Min=(X=0.000 Y=0.000 Z=1020.000), Max=(X=0.000 Y=0.000 Z=1020.000) RuntimeGrid:None EditorOnly:0 RuntimeOnly:0 HLODRelevant:0 FolderPath:Lighting FolderGuid:0BA5F0A04EADB18E70D5B180D08FA34B
 |   |   |- Guid:C69203684633EB2CD00EC28E2108DD9E BaseClass: NativeClass:/Script/Engine.StaticMeshActor Name:StaticMeshActor_UAID_047C16428F8AADE701_1577679547 Label:StaticMeshActor SpatiallyLoaded:1 Bounds:IsValid=true, Min=(X=2290.000 Y=930.000 Z=270.000), Max=(X=2290.000 Y=930.000 Z=270.000) RuntimeGrid:None EditorOnly:0 RuntimeOnly:0 HLODRelevant:0
 |   |   |- Guid:CE8D82634660FCDB3120E2B8D547C533 BaseClass: NativeClass:/Script/Engine.PostProcessVolume Name:PostProcessVolume_0 Label:PostProcessVolume SpatiallyLoaded:0 Bounds:IsValid=true, Min=(X=0.000 Y=0.000 Z=400.000), Max=(X=200.000 Y=200.000 Z=600.000) RuntimeGrid:None EditorOnly:0 RuntimeOnly:0 HLODRelevant:0 FolderPath:Lighting FolderGuid:0BA5F0A04EADB18E70D5B180D08FA34B
 |   |   |- Guid:D773FB9C4A257062CA799097F5437C79 BaseClass: NativeClass:/Script/Engine.StaticMeshActor Name:StaticMeshActor_UAID_047C16428F8A9FE701_2048872083 Label:chifonier_2_Cube_32 SpatiallyLoaded:1 Bounds:IsValid=true, Min=(X=706.570 Y=48.232 Z=31.391), Max=(X=877.708 Y=135.349 Z=56.580) RuntimeGrid:None EditorOnly:0 RuntimeOnly:0 HLODRelevant:1
 |   |   |- Guid:E5320C1B4FD9764CE7B54D8487AEC613 BaseClass: NativeClass:/Script/Engine.SkyLight Name:SkyLight_0 Label:SkyLight SpatiallyLoaded:0 Bounds:IsValid=true, Min=(X=0.000 Y=0.000 Z=690.000), Max=(X=0.000 Y=0.000 Z=690.000) RuntimeGrid:None EditorOnly:0 RuntimeOnly:0 HLODRelevant:0 FolderPath:Lighting FolderGuid:0BA5F0A04EADB18E70D5B180D08FA34B
 |   |   |- Guid:EBC7786B4A640AF5376B91BCD9584CAF BaseClass:/Game/memo.memo_C NativeClass:/Script/Engine.Actor Name:memo_C_UAID_047C16428F8A99E701_1909372023 Label:memo2 SpatiallyLoaded:1 Bounds:IsValid=true, Min=(X=3200.000 Y=850.000 Z=-21.000), Max=(X=3300.000 Y=1050.000 Z=-19.000) RuntimeGrid:None EditorOnly:0 RuntimeOnly:0 HLODRelevant:0
 |   |   |- Guid:F01490F74202394C4667299DF9663863 BaseClass: NativeClass:/Script/Engine.StaticMeshActor Name:StaticMeshActor_UAID_047C16428F8A3BE701_1987910480 Label:SM_Cube3 SpatiallyLoaded:1 Bounds:IsValid=true, Min=(X=1150.000 Y=0.000 Z=-50.000), Max=(X=2300.000 Y=1225.000 Z=-25.000) RuntimeGrid:None EditorOnly:0 RuntimeOnly:0 HLODRelevant:1 FolderPath:Playground FolderGuid:6C02BB504B69D1F3D7A624B130C18E5B
 |   |   |- Guid:F80621C9446867154938FE81375207DA BaseClass: NativeClass:/Script/Engine.DirectionalLight Name:DirectionalLight_1 Label:DirectionalLight SpatiallyLoaded:0 Bounds:IsValid=true, Min=(X=-1048576.000 Y=-1048576.000 Z=-1048576.000), Max=(X=1048576.000 Y=1048576.000 Z=1048576.000) RuntimeGrid:None EditorOnly:0 RuntimeOnly:0 HLODRelevant:0 FolderPath:Lighting FolderGuid:0BA5F0A04EADB18E70D5B180D08FA34B
 |   |   |- Guid:F940C0614DEC96BC1FD2C1AB5FEEF790 BaseClass: NativeClass:/Script/Engine.StaticMeshActor Name:StaticMeshActor_UAID_047C16428F8A9FE701_1908223081 Label:chifonier_2_Cube_030 SpatiallyLoaded:1 Bounds:IsValid=true, Min=(X=708.855 Y=47.851 Z=-33.500), Max=(X=875.021 Y=124.616 Z=86.518) RuntimeGrid:None EditorOnly:0 RuntimeOnly:0 HLODRelevant:1
 |   |- [+] Clusters:
 |   |   |- [+] [  0]
 |   |   |   |- Guid:61391D344900612A77DFC3BA3E354907 BaseClass: NativeClass:/Script/Engine.ExponentialHeightFog Name:ExponentialHeightFog_0 Label:ExponentialHeightFog SpatiallyLoaded:0 Bounds:IsValid=true, Min=(X=-5600.000 Y=-50.000 Z=-6850.000), Max=(X=-5600.000 Y=-50.000 Z=-6850.000) RuntimeGrid:None EditorOnly:0 RuntimeOnly:0 HLODRelevant:0 FolderPath:Lighting FolderGuid:0BA5F0A04EADB18E70D5B180D08FA34B
 |   |   |- [+] [  1]
 |   |   |   |- Guid:5FE7584649BB6F09265329A6C57CFD0D BaseClass: NativeClass:/Script/Engine.VolumetricCloud Name:VolumetricCloud_0 Label:VolumetricCloud SpatiallyLoaded:0 Bounds:IsValid=true, Min=(X=0.000 Y=0.000 Z=820.000), Max=(X=0.000 Y=0.000 Z=820.000) RuntimeGrid:None EditorOnly:0 RuntimeOnly:0 HLODRelevant:0 FolderPath:Lighting FolderGuid:0BA5F0A04EADB18E70D5B180D08FA34B
 |   |   |- [+] [  2]
 |   |   |   |- Guid:6B82008E425F9D631B95DB978901990B BaseClass: NativeClass:/Script/Engine.StaticMeshActor Name:StaticMeshActor_UAID_047C16428F8A9FE701_2072241085 Label:chifonier_2_Cube_34 SpatiallyLoaded:1 Bounds:IsValid=true, Min=(X=706.570 Y=48.232 Z=-20.222), Max=(X=877.708 Y=135.349 Z=4.967) RuntimeGrid:None EditorOnly:0 RuntimeOnly:0 HLODRelevant:1
 |   |   |- [+] [  3]
 |   |   |   |- Guid:F80621C9446867154938FE81375207DA BaseClass: NativeClass:/Script/Engine.DirectionalLight Name:DirectionalLight_1 Label:DirectionalLight SpatiallyLoaded:0 Bounds:IsValid=true, Min=(X=-1048576.000 Y=-1048576.000 Z=-1048576.000), Max=(X=1048576.000 Y=1048576.000 Z=1048576.000) RuntimeGrid:None EditorOnly:0 RuntimeOnly:0 HLODRelevant:0 FolderPath:Lighting FolderGuid:0BA5F0A04EADB18E70D5B180D08FA34B
 |   |   |- [+] [  4]
 |   |   |   |- Guid:1D41825A492B2D07D9B21DB0E8B6ABA3 BaseClass: NativeClass:/Script/Engine.StaticMeshActor Name:StaticMeshActor_UAID_047C16428F8A3BE701_1987912481 Label:SM_Cube4 SpatiallyLoaded:1 Bounds:IsValid=true, Min=(X=1150.000 Y=1220.000 Z=-50.000), Max=(X=2300.000 Y=2445.000 Z=-25.000) RuntimeGrid:None EditorOnly:0 RuntimeOnly:0 HLODRelevant:1 FolderPath:Playground FolderGuid:6C02BB504B69D1F3D7A624B130C18E5B
 |   |   |- [+] [  5]
 |   |   |   |- Guid:73EA2C384A2D13F3FB9D2CAE62C0682B BaseClass:/Game/memo.memo_C NativeClass:/Script/Engine.Actor Name:memo_C_UAID_047C16428F8A9BE701_1387562375 Label:memo5 SpatiallyLoaded:1 Bounds:IsValid=true, Min=(X=1570.000 Y=680.000 Z=-21.000), Max=(X=1770.000 Y=780.000 Z=-19.000) RuntimeGrid:None EditorOnly:0 RuntimeOnly:0 HLODRelevant:0
 |   |   |- [+] [  6]
 |   |   |   |- Guid:F940C0614DEC96BC1FD2C1AB5FEEF790 BaseClass: NativeClass:/Script/Engine.StaticMeshActor Name:StaticMeshActor_UAID_047C16428F8A9FE701_1908223081 Label:chifonier_2_Cube_030 SpatiallyLoaded:1 Bounds:IsValid=true, Min=(X=708.855 Y=47.851 Z=-33.500), Max=(X=875.021 Y=124.616 Z=86.518) RuntimeGrid:None EditorOnly:0 RuntimeOnly:0 HLODRelevant:1
 |   |   |- [+] [  7]
 |   |   |   |- Guid:26533ADC4D249A6E12B2F69B7D59B9F2 BaseClass:/Game/memo.memo_C NativeClass:/Script/Engine.Actor Name:memo_C_UAID_047C16428F8A8CE701_1303138746 Label:memo SpatiallyLoaded:1 Bounds:IsValid=true, Min=(X=3190.000 Y=290.000 Z=-21.000), Max=(X=3290.000 Y=490.000 Z=-19.000) RuntimeGrid:None EditorOnly:0 RuntimeOnly:0 HLODRelevant:0
 |   |   |- [+] [  8]
 |   |   |   |- Guid:1C92173E4DF1554A3EBC78BAB11EE1CD BaseClass: NativeClass:/Script/Engine.StaticMeshActor Name:StaticMeshActor_UAID_047C16428F8A3BE701_1957479479 Label:SM_Cube2 SpatiallyLoaded:1 Bounds:IsValid=true, Min=(X=0.000 Y=1220.000 Z=-50.000), Max=(X=1150.000 Y=2445.000 Z=-25.000) RuntimeGrid:None EditorOnly:0 RuntimeOnly:0 HLODRelevant:1 FolderPath:Playground FolderGuid:6C02BB504B69D1F3D7A624B130C18E5B
 |   |   |- [+] [  9]
 |   |   |   |- Guid:D773FB9C4A257062CA799097F5437C79 BaseClass: NativeClass:/Script/Engine.StaticMeshActor Name:StaticMeshActor_UAID_047C16428F8A9FE701_2048872083 Label:chifonier_2_Cube_32 SpatiallyLoaded:1 Bounds:IsValid=true, Min=(X=706.570 Y=48.232 Z=31.391), Max=(X=877.708 Y=135.349 Z=56.580) RuntimeGrid:None EditorOnly:0 RuntimeOnly:0 HLODRelevant:1
 |   |   |- [+] [ 10]
 |   |   |   |- Guid:70B4402B4467612291A3FB893716AF3C BaseClass: NativeClass:/Script/Engine.StaticMeshActor Name:StaticMeshActor_UAID_047C16428F8AA7E701_1234081495 Label:uploads_files_2750832_lowtable_Cube SpatiallyLoaded:1 Bounds:IsValid=true, Min=(X=134.363 Y=148.196 Z=-30.126), Max=(X=345.637 Y=451.804 Z=48.012) RuntimeGrid:None EditorOnly:0 RuntimeOnly:0 HLODRelevant:1
 |   |   |- [+] [ 11]
 |   |   |   |- Guid:0CC9FDC64979D5A56911C4A735DCDBF8 BaseClass: NativeClass:/Script/Engine.StaticMeshActor Name:StaticMeshActor_UAID_047C16428F8A9FE701_1967188082 Label:chifonier_2_Cube_031 SpatiallyLoaded:1 Bounds:IsValid=true, Min=(X=706.570 Y=48.232 Z=57.198), Max=(X=877.708 Y=135.349 Z=82.387) RuntimeGrid:None EditorOnly:0 RuntimeOnly:0 HLODRelevant:1
 |   |   |- [+] [ 12]
 |   |   |   |- Guid:B07AF68F4C9CFCE58548FF8E7824A8F9 BaseClass:/Game/memo.memo_C NativeClass:/Script/Engine.Actor Name:memo_C_UAID_047C16428F8A9DE701_1697850730 Label:memo6 SpatiallyLoaded:1 Bounds:IsValid=true, Min=(X=1500.000 Y=1030.000 Z=79.000), Max=(X=1700.000 Y=1130.000 Z=81.000) RuntimeGrid:None EditorOnly:0 RuntimeOnly:0 HLODRelevant:0
 |   |   |- [+] [ 13]
 |   |   |   |- Guid:F01490F74202394C4667299DF9663863 BaseClass: NativeClass:/Script/Engine.StaticMeshActor Name:StaticMeshActor_UAID_047C16428F8A3BE701_1987910480 Label:SM_Cube3 SpatiallyLoaded:1 Bounds:IsValid=true, Min=(X=1150.000 Y=0.000 Z=-50.000), Max=(X=2300.000 Y=1225.000 Z=-25.000) RuntimeGrid:None EditorOnly:0 RuntimeOnly:0 HLODRelevant:1 FolderPath:Playground FolderGuid:6C02BB504B69D1F3D7A624B130C18E5B
 |   |   |- [+] [ 14]
 |   |   |   |- Guid:E5320C1B4FD9764CE7B54D8487AEC613 BaseClass: NativeClass:/Script/Engine.SkyLight Name:SkyLight_0 Label:SkyLight SpatiallyLoaded:0 Bounds:IsValid=true, Min=(X=0.000 Y=0.000 Z=690.000), Max=(X=0.000 Y=0.000 Z=690.000) RuntimeGrid:None EditorOnly:0 RuntimeOnly:0 HLODRelevant:0 FolderPath:Lighting FolderGuid:0BA5F0A04EADB18E70D5B180D08FA34B
 |   |   |- [+] [ 15]
 |   |   |   |- Guid:A94BF6F04A25407A258F78ABA86BDE90 BaseClass: NativeClass:/Script/Engine.StaticMeshActor Name:StaticMeshActor_UAID_047C16428F8A9EE701_1437078903 Label:Glass_Bottle_FBX SpatiallyLoaded:1 Bounds:IsValid=true, Min=(X=2045.909 Y=163.922 Z=-29.643), Max=(X=2077.592 Y=196.764 Z=61.729) RuntimeGrid:None EditorOnly:0 RuntimeOnly:0 HLODRelevant:1
 |   |   |- [+] [ 16]
 |   |   |   |- Guid:4EDC773A4AD94E819387DDB1AA29BC67 BaseClass: NativeClass:/Script/Engine.StaticMeshActor Name:StaticMeshActor_UAID_047C16428F8A3BE701_2003930482 Label:SM_Cube5 SpatiallyLoaded:1 Bounds:IsValid=true, Min=(X=2300.000 Y=0.000 Z=-50.000), Max=(X=3450.000 Y=1225.000 Z=-25.000) RuntimeGrid:None EditorOnly:0 RuntimeOnly:0 HLODRelevant:1 FolderPath:Playground FolderGuid:6C02BB504B69D1F3D7A624B130C18E5B
 |   |   |- [+] [ 17]
 |   |   |   |- Guid:78CAF7514C7533F30BD2F19A017AAB65 BaseClass: NativeClass:/Script/Engine.StaticMeshActor Name:StaticMeshActor_0 Label:SM_Cube SpatiallyLoaded:1 Bounds:IsValid=true, Min=(X=0.000 Y=0.000 Z=-50.000), Max=(X=1150.000 Y=1225.000 Z=-25.000) RuntimeGrid:None EditorOnly:0 RuntimeOnly:0 HLODRelevant:1 FolderPath:Playground FolderGuid:6C02BB504B69D1F3D7A624B130C18E5B
 |   |   |- [+] [ 18]
 |   |   |   |- Guid:511426AE487F5154A678879724A93FB9 BaseClass: NativeClass:/Script/Engine.StaticMeshActor Name:StaticMeshActor_UAID_047C16428F8A9FE701_2053863084 Label:chifonier_2_Cube_33 SpatiallyLoaded:1 Bounds:IsValid=true, Min=(X=706.570 Y=48.232 Z=5.585), Max=(X=877.708 Y=135.349 Z=30.774) RuntimeGrid:None EditorOnly:0 RuntimeOnly:0 HLODRelevant:1
 |   |   |- [+] [ 19]
 |   |   |   |- Guid:A354B1B24E617A525DC6B48CCDE2417E BaseClass: NativeClass:/Script/Engine.PlayerStart Name:PlayerStart_0 Label:PlayerStart SpatiallyLoaded:0 Bounds:IsValid=true, Min=(X=840.000 Y=810.000 Z=0.013), Max=(X=920.000 Y=890.000 Z=184.013) RuntimeGrid:None EditorOnly:0 RuntimeOnly:0 HLODRelevant:0
 |   |   |- [+] [ 20]
 |   |   |   |- Guid:EBC7786B4A640AF5376B91BCD9584CAF BaseClass:/Game/memo.memo_C NativeClass:/Script/Engine.Actor Name:memo_C_UAID_047C16428F8A99E701_1909372023 Label:memo2 SpatiallyLoaded:1 Bounds:IsValid=true, Min=(X=3200.000 Y=850.000 Z=-21.000), Max=(X=3300.000 Y=1050.000 Z=-19.000) RuntimeGrid:None EditorOnly:0 RuntimeOnly:0 HLODRelevant:0
 |   |   |- [+] [ 21]
 |   |   |   |- Guid:65E3AFD447910B78AA4951B879AB47A6 BaseClass:/Game/Door.Door_C NativeClass:/Script/Engine.Actor Name:Door_C_UAID_047C16428F8AB0E701_1083475082 Label:Door SpatiallyLoaded:1 Bounds:IsValid=true, Min=(X=1568.000 Y=550.000 Z=86.000), Max=(X=1632.000 Y=650.000 Z=214.000) RuntimeGrid:None EditorOnly:0 RuntimeOnly:0 HLODRelevant:0
 |   |   |- [+] [ 22]
 |   |   |   |- Guid:C69203684633EB2CD00EC28E2108DD9E BaseClass: NativeClass:/Script/Engine.StaticMeshActor Name:StaticMeshActor_UAID_047C16428F8AADE701_1577679547 Label:StaticMeshActor SpatiallyLoaded:1 Bounds:IsValid=true, Min=(X=2290.000 Y=930.000 Z=270.000), Max=(X=2290.000 Y=930.000 Z=270.000) RuntimeGrid:None EditorOnly:0 RuntimeOnly:0 HLODRelevant:0
 |   |   |- [+] [ 23]
 |   |   |   |- Guid:6397DAC144EE28F65CE8659AA34E88C3 BaseClass:/Game/memo.memo_C NativeClass:/Script/Engine.Actor Name:memo_C_UAID_047C16428F8A9AE701_1755287199 Label:memo4 SpatiallyLoaded:1 Bounds:IsValid=true, Min=(X=1560.000 Y=480.000 Z=-21.000), Max=(X=1760.000 Y=580.000 Z=-19.000) RuntimeGrid:None EditorOnly:0 RuntimeOnly:0 HLODRelevant:0
 |   |   |- [+] [ 24]
 |   |   |   |- Guid:AC763B084E94B7C7B0B296B496D9C671 BaseClass:/Game/Table.Table_C NativeClass:/Script/Engine.Actor Name:Table_C_UAID_047C16428F8A9DE701_1439520729 Label:Table SpatiallyLoaded:1 Bounds:IsValid=true, Min=(X=1380.131 Y=1013.964 Z=-30.000), Max=(X=1839.869 Y=1142.605 Z=73.490) RuntimeGrid:None EditorOnly:0 RuntimeOnly:0 HLODRelevant:0
 |   |   |- [+] [ 25]
 |   |   |   |- Guid:C22CE07C4B87D685137FDBBC10FC92C6 BaseClass: NativeClass:/Script/Engine.SkyAtmosphere Name:SkyAtmosphere_0 Label:SkyAtmosphere SpatiallyLoaded:0 Bounds:IsValid=true, Min=(X=0.000 Y=0.000 Z=1020.000), Max=(X=0.000 Y=0.000 Z=1020.000) RuntimeGrid:None EditorOnly:0 RuntimeOnly:0 HLODRelevant:0 FolderPath:Lighting FolderGuid:0BA5F0A04EADB18E70D5B180D08FA34B
 |   |   |- [+] [ 26]
 |   |   |   |- Guid:C0C56B9644AE3D40CAFF6A878DB29844 BaseClass: NativeClass:/Script/Engine.StaticMeshActor Name:StaticMeshActor_UAID_A4AE111137DC5EFB00_2001720423 Label:SM_SkySphere SpatiallyLoaded:0 Bounds:IsValid=true, Min=(X=-1637240.020 Y=-1639030.020 Z=-1638400.000), Max=(X=1639560.020 Y=1637770.020 Z=1638400.000) RuntimeGrid:None EditorOnly:0 RuntimeOnly:0 HLODRelevant:1 FolderPath:Lighting FolderGuid:0BA5F0A04EADB18E70D5B180D08FA34B
 |   |   |- [+] [ 27]
 |   |   |   |- Guid:6FEFB3BD4EB37B849EF0D4AC80F83855 BaseClass: NativeClass:/Script/Engine.WorldDataLayers Name:WorldDataLayers Label:WorldDataLayers SpatiallyLoaded:0 Bounds:IsValid=true, Min=(X=0.000 Y=0.000 Z=0.000), Max=(X=0.000 Y=0.000 Z=0.000) RuntimeGrid:None EditorOnly:0 RuntimeOnly:0 HLODRelevant:0
 |   |   |- [+] [ 28]
 |   |   |   |- Guid:CE8D82634660FCDB3120E2B8D547C533 BaseClass: NativeClass:/Script/Engine.PostProcessVolume Name:PostProcessVolume_0 Label:PostProcessVolume SpatiallyLoaded:0 Bounds:IsValid=true, Min=(X=0.000 Y=0.000 Z=400.000), Max=(X=200.000 Y=200.000 Z=600.000) RuntimeGrid:None EditorOnly:0 RuntimeOnly:0 HLODRelevant:0 FolderPath:Lighting FolderGuid:0BA5F0A04EADB18E70D5B180D08FA34B
 |   |   |- [+] [ 29]
 |   |   |   |- Guid:A46B467349B1973276B3199DA6E16E69 BaseClass:/Game/memo.memo_C NativeClass:/Script/Engine.Actor Name:memo_C_UAID_047C16428F8A9AE701_1547561199 Label:memo3 SpatiallyLoaded:1 Bounds:IsValid=true, Min=(X=2460.000 Y=330.000 Z=-21.000), Max=(X=2560.000 Y=530.000 Z=-19.000) RuntimeGrid:None EditorOnly:0 RuntimeOnly:0 HLODRelevant:0
 |- ContainerInstances:
 |- [+] MainContainer:
 |   |-        ID: 0x0000000000000000
 |   |-    Bounds: IsValid=false, Min=(X=0.000 Y=0.000 Z=0.000), Max=(X=0.000 Y=0.000 Z=0.000)
 |   |- Transform: 0.000000,0.000000,0.000000|0.000000,0.000000,-0.000000|1.000000,1.000000,1.000000
 |   |- Container: /Game/FirstPerson/Maps/FirstPersonMap
----------------------------------------------------------------------------------------------------------------
FirstPersonMap - Persistent Level
----------------------------------------------------------------------------------------------------------------
Always loaded Actor Count: 37 

----------------------------------------------------------------------------------------------------------------
FirstPersonMap - Runtime Spatial Hash - Streaming Grid - MainGrid
----------------------------------------------------------------------------------------------------------------
            Origin: X=0.000 Y=0.000 Z=0.000
         Cell Size: 12800
      World Bounds: IsValid=false, Min=(X=0.000 Y=0.000 Z=0.000), Max=(X=0.000 Y=0.000 Z=0.000)
     Loading Range: 25600.00
Block Slow Loading: No
 ClientOnlyVisible: No

[+] Grid Levels: 1
 |- Level  0: Cell Count    0 | Cell Size   12800 | Actor Count    0 (0.0%)

[+] Content of Grid Level 0

